GROUP,PACKAGE,CLASS,INSTRUCTION_MISSED,INSTRUCTION_COVERED,BRANCH_MISSED,BRANCH_COVERED,LINE_MISSED,LINE_COVERED,COMPLEXITY_MISSED,COMPLEXITY_COVERED,METHOD_MISSED,METHOD_COVERED
MTP_Lab5,serialization,Book,0,227,5,19,0,40,5,22,0,15
MTP_Lab5,serialization,Chapter,0,87,2,10,0,14,2,13,0,9
MTP_Lab5,serialization,GSONSerialization.MapDeserializerDoubleAsIntFix,2,74,3,9,1,17,3,6,0,3
MTP_Lab5,serialization,GSONSerialization,60,65,12,4,0,10,8,3,0,3
MTP_Lab5,serialization,JacksonSerialization,0,37,0,0,0,8,0,3,0,3
MTP_Lab5,serialization,JSONSerialization,30,101,6,4,0,17,4,4,0,3
MTP_Lab5,serialization,Main,9,131,1,3,1,34,1,7,0,6
MTP_Lab5,serialization,GSONSerialization.new TypeToken() {...},0,6,0,0,0,1,0,1,0,1
